Flow report for Trabajo_practico_03
Sun Sep 15 15:12:10 2024
Quartus II 64-Bit Version 13.1.0 Build 162 10/23/2013 SJ Web Edition


---------------------
; Table of Contents ;
---------------------
  1. Legal Notice
  2. Flow Summary
  3. Flow Settings
  4. Flow Non-Default Global Settings
  5. Flow Elapsed Time
  6. Flow OS Summary
  7. Flow Log
  8. Flow Messages
  9. Flow Suppressed Messages



----------------
; Legal Notice ;
----------------
Copyright (C) 1991-2013 Altera Corporation
Your use of Altera Corporation's design tools, logic functions 
and other software and tools, and its AMPP partner logic 
functions, and any output files from any of the foregoing 
(including device programming or simulation files), and any 
associated documentation or information are expressly subject 
to the terms and conditions of the Altera Program License 
Subscription Agreement, Altera MegaCore Function License 
Agreement, or other applicable license agreement, including, 
without limitation, that your use is for the sole purpose of 
programming logic devices manufactured by Altera and sold by 
Altera or its authorized distributors.  Please refer to the 
applicable agreement for further details.



+---------------------------------------------------------------------------------+
; Flow Summary                                                                    ;
+------------------------------------+--------------------------------------------+
; Flow Status                        ; Successful - Sun Sep 15 15:12:10 2024      ;
; Quartus II 64-Bit Version          ; 13.1.0 Build 162 10/23/2013 SJ Web Edition ;
; Revision Name                      ; Trabajo_practico_03                        ;
; Top-level Entity Name              ; Trabajo_practico_03_Entrada_in             ;
; Family                             ; Cyclone IV GX                              ;
; Total logic elements               ; 16 / 14,400 ( < 1 % )                      ;
;     Total combinational functions  ; 0 / 14,400 ( 0 % )                         ;
;     Dedicated logic registers      ; 16 / 14,400 ( < 1 % )                      ;
; Total registers                    ; 16                                         ;
; Total pins                         ; 33 / 81 ( 41 % )                           ;
; Total virtual pins                 ; 0                                          ;
; Total memory bits                  ; 0 / 552,960 ( 0 % )                        ;
; Embedded Multiplier 9-bit elements ; 0                                          ;
; Total GXB Receiver Channel PCS     ; 0 / 2 ( 0 % )                              ;
; Total GXB Receiver Channel PMA     ; 0 / 2 ( 0 % )                              ;
; Total GXB Transmitter Channel PCS  ; 0 / 2 ( 0 % )                              ;
; Total GXB Transmitter Channel PMA  ; 0 / 2 ( 0 % )                              ;
; Total PLLs                         ; 0 / 3 ( 0 % )                              ;
; Device                             ; EP4CGX15BF14C6                             ;
; Timing Models                      ; Final                                      ;
+------------------------------------+--------------------------------------------+


+-----------------------------------------+
; Flow Settings                           ;
+-------------------+---------------------+
; Option            ; Setting             ;
+-------------------+---------------------+
; Start date & time ; 09/15/2024 15:11:49 ;
; Main task         ; Compilation         ;
; Revision Name     ; Trabajo_practico_03 ;
+-------------------+---------------------+


+----------------------------------------------------------------------------------------------------------------------------------------------+
; Flow Non-Default Global Settings                                                                                                             ;
+-------------------------------------+--------------------------------+---------------------+--------------------------------+----------------+
; Assignment Name                     ; Value                          ; Default Value       ; Entity Name                    ; Section Id     ;
+-------------------------------------+--------------------------------+---------------------+--------------------------------+----------------+
; COMPILER_SIGNATURE_ID               ; 88516058119126.172642390921780 ; --                  ; --                             ; --             ;
; EDA_OUTPUT_DATA_FORMAT              ; Vhdl                           ; --                  ; --                             ; eda_simulation ;
; EDA_SIMULATION_TOOL                 ; ModelSim-Altera (VHDL)         ; <None>              ; --                             ; --             ;
; PARTITION_COLOR                     ; 16764057                       ; --                  ; Trabajo_practico_03_Entrada_in ; Top            ;
; PARTITION_FITTER_PRESERVATION_LEVEL ; PLACEMENT_AND_ROUTING          ; --                  ; Trabajo_practico_03_Entrada_in ; Top            ;
; PARTITION_NETLIST_TYPE              ; SOURCE                         ; --                  ; Trabajo_practico_03_Entrada_in ; Top            ;
; PROJECT_OUTPUT_DIRECTORY            ; output_files                   ; --                  ; --                             ; --             ;
; TOP_LEVEL_ENTITY                    ; Trabajo_practico_03_Entrada_in ; Trabajo_practico_03 ; --                             ; --             ;
+-------------------------------------+--------------------------------+---------------------+--------------------------------+----------------+


+-------------------------------------------------------------------------------------------------------------------------------+
; Flow Elapsed Time                                                                                                             ;
+---------------------------+--------------+-------------------------+---------------------+------------------------------------+
; Module Name               ; Elapsed Time ; Average Processors Used ; Peak Virtual Memory ; Total CPU Time (on all processors) ;
+---------------------------+--------------+-------------------------+---------------------+------------------------------------+
; Analysis & Synthesis      ; 00:00:01     ; 1.0                     ; 4665 MB             ; 00:00:01                           ;
; Fitter                    ; 00:00:08     ; 1.0                     ; 5030 MB             ; 00:00:03                           ;
; Assembler                 ; 00:00:02     ; 1.0                     ; 4635 MB             ; 00:00:01                           ;
; TimeQuest Timing Analyzer ; 00:00:03     ; 1.0                     ; 4643 MB             ; 00:00:01                           ;
; EDA Netlist Writer        ; 00:00:00     ; 1.0                     ; 4582 MB             ; 00:00:00                           ;
; Total                     ; 00:00:14     ; --                      ; --                  ; 00:00:06                           ;
+---------------------------+--------------+-------------------------+---------------------+------------------------------------+


+----------------------------------------------------------------------------------------+
; Flow OS Summary                                                                        ;
+---------------------------+------------------+-----------+------------+----------------+
; Module Name               ; Machine Hostname ; OS Name   ; OS Version ; Processor type ;
+---------------------------+------------------+-----------+------------+----------------+
; Analysis & Synthesis      ; Seba-pc          ; Windows 7 ; 6.2        ; x86_64         ;
; Fitter                    ; Seba-pc          ; Windows 7 ; 6.2        ; x86_64         ;
; Assembler                 ; Seba-pc          ; Windows 7 ; 6.2        ; x86_64         ;
; TimeQuest Timing Analyzer ; Seba-pc          ; Windows 7 ; 6.2        ; x86_64         ;
; EDA Netlist Writer        ; Seba-pc          ; Windows 7 ; 6.2        ; x86_64         ;
+---------------------------+------------------+-----------+------------+----------------+


------------
; Flow Log ;
------------
quartus_map --read_settings_files=on --write_settings_files=off Trabajo_practico_03 -c Trabajo_practico_03
quartus_fit --read_settings_files=off --write_settings_files=off Trabajo_practico_03 -c Trabajo_practico_03
quartus_asm --read_settings_files=off --write_settings_files=off Trabajo_practico_03 -c Trabajo_practico_03
quartus_sta Trabajo_practico_03 -c Trabajo_practico_03
quartus_eda --read_settings_files=off --write_settings_files=off Trabajo_practico_03 -c Trabajo_practico_03



